[www.adfiap.org/44th/index.html]
[backblue.gif]
[fade.gif]
[index.html]
[www.adfiap.org/44th/wp-includes/css/dist/block-library/style.min.css]
[www.adfiap.org/44th/wp-content/plugins/contact-form-7/includes/css/styles.css]
[www.adfiap.org/44th/wp-content/themes/44th/style.css]
[www.adfiap.org/44th/wp-includes/js/jquery/jquery.min.js]
[www.adfiap.org/44th/wp-includes/js/jquery/jquery-migrate.min.js]
[www.adfiap.org/44th/wp-content/themes/44th/js/libs/modernizr.custom.73208.js]
[www.google-analytics.com/analytics.js]
[www.adfiap.org/44th/wp-content/uploads/2021/05/cropped-site-icon-32x32.png]
[www.adfiap.org/44th/wp-content/uploads/2021/05/cropped-site-icon-192x192.png]
[www.adfiap.org/44th/wp-content/uploads/2021/05/cropped-site-icon-180x180.png]
[www.adfiap.org/44th/wp-content/uploads/2018/12/Mr.-Phub-Dorji-Chief-Executive-Officer-Bhutan-Devt-Bank-Ltd..png]
[www.adfiap.org/44th/wp-content/uploads/2021/05/43.annual.meeting.png]
[www.adfiap.org/44th/wp-content/uploads/2020/02/42nd.annual.meeting.png]
[www.adfiap.org/44th/wp-content/uploads/2018/12/41st.adfiap.annual.meeting-1.png]
[www.adfiap.org/44th/wp-content/uploads/2017/11/40th.annual.meeting.png]
[www.adfiap.org/44th/speakers/index.html]
[www.adfiap.org/44th/wp-content/uploads/2017/01/39th.annual.meeting.png]
[www.adfiap.org/44th/wp-content/uploads/2017/01/38th.annual.meeting.png]
[www.adfiap.org/44th/wp-content/uploads/2017/01/37th.annual.meeting.png]
[www.adfiap.org/44th/wp-content/uploads/2017/01/36th.annual.meeting.png]
[www.adfiap.org/44th/schedule/index.html]
[www.adfiap.org/44th/wp-content/uploads/2017/01/35th.annual.meeting.png]
[www.adfiap.org/44th/wp-content/uploads/2017/01/34th.annual.meeting.png]
[www.adfiap.org/44th/wp-content/uploads/2017/01/33rd.annual.meeting.png]
[www.adfiap.org/44th/wp-content/uploads/2017/01/32nd.annual.meeting.png]
[www.adfiap.org/44th/wp-content/uploads/2017/01/31st.annual.meeting.png]
[www.adfiap.org/44th/wp-content/uploads/2017/01/30th.annual.meeting.png]
[www.adfiap.org/44th/about-the-host/index.html]
[www.adfiap.org/44th/wp-content/uploads/2017/01/29th.annual.meeting.png]
[www.adfiap.org/44th/wp-includes/js/dist/vendor/regenerator-runtime.min.js]
[www.adfiap.org/44th/wp-includes/js/dist/vendor/wp-polyfill.min.js]
[www.adfiap.org/44th/category/media-gallery/index.html]
[www.adfiap.org/44th/wp-content/plugins/contact-form-7/includes/js/index.js]
[www.adfiap.org/44th/wp-content/plugins/flying-pages/flying-pages.min.js]
[www.adfiap.org/44th/gold-sponsors/index.html]
[www.adfiap.org/44th/wp-content/themes/44th/js/jquery.tools.min.js]
[www.adfiap.org/44th/silver-sponsors/index.html]
[www.adfiap.org/44th/bronze-sponsors/index.html]
[www.adfiap.org/44th/wp-content/themes/44th/js/main.js]
[www.adfiap.org/44th/index.html]
[www.adfiap.org/44th/wp-includes/css/dist/block-library/style.min.css]
[www.adfiap.org/44th/wp-content/plugins/contact-form-7/includes/css/styles.css]
[www.adfiap.org/44th/wp-content/themes/44th/fonts/hinted-subset-Inter-Regular.eot]
[www.adfiap.org/44th/delegate-registration/index.html]
[www.adfiap.org/44th/contact-us/index.html]
[www.adfiap.org/44th/message-from-the-chair/index.html]
[www.adfiap.org/44th/wp-content/themes/44th/fonts/hinted-subset-Inter-Regulard41d.eot]
[www.adfiap.org/44th/wp-content/themes/44th/fonts/hinted-subset-Inter-Regular.woff]
[www.adfiap.org/44th/wp-content/themes/44th/fonts/hinted-subset-Inter-Regular.ttf]
[www.adfiap.org/44th/wp-content/themes/44th/fonts/hinted-subset-Inter-Italic.eot]
[www.adfiap.org/44th/wp-content/themes/44th/fonts/hinted-subset-Inter-Regular.svg]
[www.adfiap.org/44th/wp-content/themes/44th/fonts/hinted-subset-Inter-Italicd41d.eot]
[www.adfiap.org/44th/wp-content/themes/44th/fonts/hinted-subset-Inter-Italic.woff]
[www.adfiap.org/44th/wp-content/themes/44th/fonts/hinted-subset-Inter-Italic.ttf]
[www.adfiap.org/44th/wp-content/themes/44th/fonts/hinted-subset-Inter-Italic.svg]
[www.adfiap.org/44th/wp-content/themes/44th/fonts/hinted-subset-Inter-Bold.eot]
[www.adfiap.org/44th/wp-content/themes/44th/fonts/hinted-subset-Inter-Boldd41d.eot]
[www.adfiap.org/44th/wp-content/themes/44th/fonts/hinted-subset-Inter-Bold.woff]
[www.adfiap.org/44th/wp-content/themes/44th/fonts/hinted-subset-Inter-Bold.ttf]
[www.adfiap.org/44th/wp-content/themes/44th/fonts/hinted-subset-Inter-Bold.svg]
[www.adfiap.org/44th/wp-content/themes/44th/images/oman.development.bank.png]
[www.adfiap.org/44th/wp-content/themes/44th/images/44th.annual.meeting.png]
[www.adfiap.org/44th/wp-content/themes/44th/images/skyscrapper.png]
[www.adfiap.org/44th/wp-content/themes/44th/style.css]
[www.adfiap.org/44th/wp-content/themes/44th/images/logos.sprite.png]
[www.adfiap.org/44th/wp-json/oembed/1.0/embedef43.html]
[www.adfiap.org/44th/wp-json/oembed/1.0/embed93a8.html]
[www.adfiap.org/44th/wp-content/uploads/2021/10/Acmad-Moti.png]
[www.adfiap.org/44th/wp-content/uploads/2021/10/Alberto-Pascual.png]
[www.adfiap.org/44th/wp-content/uploads/2021/10/Anthony-DelaCruz-1.png]
[www.adfiap.org/44th/wp-content/uploads/2021/09/Enrick-Arshad-Mohamed.png]
[www.adfiap.org/44th/wp-content/uploads/2021/09/MS.-CECILIA-BORROMEO-1.png]
[www.adfiap.org/44th/wp-content/uploads/2021/10/Dr.-Abdulaziz-Mohammed-Zahir-Al-Hinai.png]
[www.adfiap.org/44th/wp-content/uploads/2021/09/Edwin-Syahruzad.png]
[www.adfiap.org/44th/wp-content/uploads/2021/09/Herbosa.png]
[www.adfiap.org/44th/wp-content/uploads/2021/10/Harsha-Bangari.png]
[www.adfiap.org/44th/wp-content/uploads/2021/10/Hiroyuki-Hasei.png]
[www.adfiap.org/44th/wp-content/uploads/2019/02/Laksman-Silva.png]
[www.adfiap.org/44th/wp-content/uploads/2021/09/MOHAMMAD-AZAM-AHMAD.png]
[www.adfiap.org/44th/wp-content/uploads/2021/10/Mominul-Islam.png]
[www.adfiap.org/44th/wp-content/uploads/2021/10/Ozlem-Cinemre.png]
[www.adfiap.org/44th/wp-content/uploads/2019/02/Phub.png]
[www.adfiap.org/44th/wp-content/uploads/2021/10/Rajan-A.-Uttamchandani.png]
[www.adfiap.org/44th/wp-content/uploads/2019/02/victoria.png]
[www.adfiap.org/44th/wp-content/uploads/2021/10/Ms.-Sandra-D.-Peloquin.png]
[www.adfiap.org/44th/wp-content/uploads/2021/10/Santiago-Lim.png]
[www.adfiap.org/44th/wp-content/uploads/2021/10/Sec.-Carlos-Dominguez-III-1-1.png]
[www.adfiap.org/44th/wp-content/uploads/2021/10/SERGEI-VASILEV.png]
[www.adfiap.org/44th/wp-content/uploads/2021/10/Sergey-Storchak.png]
[www.adfiap.org/44th/wp-content/uploads/2021/10/MR.-SERGIU-JIDUC.png]
[www.adfiap.org/44th/wp-content/uploads/2021/10/S.-RAMANN.png]
[www.adfiap.org/44th/speakers/index.html]
[www.adfiap.org/44th/schedule/index.html]
[www.adfiap.org/44th/schedule/social-activities/index.html]
[www.adfiap.org/44th/wp-content/uploads/2018/12/ADFIAP-LOGO-200x200-1.jpg]
[www.adfiap.org/44th/about-the-host/index.html]
[www.adfiap.org/44th/about-the-host/about-the-program/index.html]
[www.adfiap.org/44th/about-the-host/administrative-arrangement/index.html]
[www.adfiap.org/44th/wp-content/themes/44th/magnific-popup.css]
[www.adfiap.org/44th/wp-content/themes/44th/js/jquery.magnific-popup.js]
[ajax.googleapis.com/ajax/libs/jquery/1.9.1/jquery.min.js]
[www.adfiap.org/44th/category/media-gallery/videos/index.html]
[www.adfiap.org/44th/44th-adfiap-annual-meeting/index.html]
[www.adfiap.org/44th/43nd-adfiap-annual-meeting/index.html]
[www.adfiap.org/44th/wp-content/themes/44th/magnific-popup/jquery.magnific-popup.js]
[www.adfiap.org/44th/category/media-gallery/index.html]
[www.adfiap.org/44th/42nd-adfiap-annual-meeting/index.html]
[www.adfiap.org/44th/41st-adfiap-annual-meeting-video/index.html]
[www.adfiap.org/44th/category/media-gallery/photos/index.html]
[www.adfiap.org/44th/adfiap-40th-agm-video-macau/index.html]
[www.adfiap.org/44th/39th-annual-meeting-samoa/index.html]
[www.adfiap.org/44th/38th-annual-meeting-nha-trang-vietnam/index.html]
[www.adfiap.org/44th/wp-content/uploads/2021/09/Landbank-of-the-Phlippines-Serving-the-Nation-Institutional-Ad-967x1260.jpg]
[www.adfiap.org/44th/wp-content/uploads/2021/09/LANDBANK-LOGO-VERTICAL-FULL-COLOR-97x56.png]
[www.adfiap.org/44th/gold-sponsors/index.html]
[www.adfiap.org/44th/gold-sponsors/page/2/index.html]
[www.adfiap.org/44th/wp-content/uploads/2021/10/133432915_102381988471487_310879435018574366_n.jpg]
[www.adfiap.org/44th/wp-content/uploads/2021/10/Esquire-Financing-90x56.jpg]
[www.adfiap.org/44th/wp-content/uploads/2021/10/Advance-Maga-Banner-967x1483.jpg]
[www.adfiap.org/44th/wp-content/uploads/2021/10/Philguarantee-logo-web-1-169x56.jpg]
[www.adfiap.org/44th/silver-sponsors/index.html]
[www.adfiap.org/44th/silver-sponsors/page/2/index.html]
[www.adfiap.org/44th/bronze-sponsors/index.html]
[www.adfiap.org/44th/wp-content/plugins/visual-form-builder/public/assets/css/visual-form-builder.min.css]
[www.adfiap.org/44th/wp-content/plugins/visual-form-builder/public/assets/css/smoothness/jquery-ui-1.10.3.min.css]
[www.adfiap.org/44th/wp-content/plugins/visual-form-builder/public/assets/js/jquery.validate.min.js]
[www.adfiap.org/44th/wp-content/plugins/visual-form-builder/public/assets/js/vfb-validation.min.js]
[www.adfiap.org/44th/wp-content/plugins/visual-form-builder/public/assets/js/jquery.metadata.js]
[www.adfiap.org/44th/wp-content/plugins/visual-form-builder/public/assets/js/i18n/validate/messages-en_US.js]
[www.adfiap.org/44th/contact-us/index.html]
[www.adfiap.org/44th/delegate-registration/index.html]
[www.adfiap.org/44th/message-from-the-chair/index.html]
[www.adfiap.org/44th/wp-content/themes/44th/fonts/hinted-subset-Inter-Regular.svg]
[www.adfiap.org/44th/wp-content/themes/44th/fonts/hinted-subset-Inter-Italic.svg]
[www.adfiap.org/44th/wp-content/themes/44th/fonts/hinted-subset-Inter-Bold.svg]
[www.adfiap.org/44th/wp-content/themes/44th/images/joint.message.bck.html]
[www.adfiap.org/44th/wp-content/themes/44th/images/messages.bck.html]
[www.adfiap.org/44th/index0e62.html]
[www.adfiap.org/44th/wp-json/oembed/1.0/embed8e62.html]
[www.adfiap.org/44th/wp-json/oembed/1.0/embedcd8e.html]
[www.adfiap.org/44th/indexc094.html]
[www.adfiap.org/44th/wp-json/oembed/1.0/embed05c6.html]
[www.adfiap.org/44th/wp-json/oembed/1.0/embed5266.html]
[www.adfiap.org/44th/schedule/social-activities/index.html]
[www.adfiap.org/44th/index50f6.html]
[www.adfiap.org/44th/wp-json/oembed/1.0/embedf83b.html]
[www.adfiap.org/44th/wp-json/oembed/1.0/embed0dec.html]
[www.adfiap.org/44th/about-the-host/about-the-program/index.html]
[www.adfiap.org/44th/about-the-host/administrative-arrangement/index.html]
[www.adfiap.org/44th/wp-content/themes/44th/magnific-popup.css]
[www.adfiap.org/44th/wp-content/uploads/2021/11/Untitled-300x154.png]
[www.adfiap.org/44th/wp-content/uploads/2021/11/DBP-Screenshot-Virtual-Stage-300x149.jpg]
[www.adfiap.org/44th/wp-content/uploads/2021/11/Awarding-Stage-300x169.png]
[www.adfiap.org/44th/44th-adfiap-annual-meeting/index.html]
[www.adfiap.org/44th/category/media-gallery/videos/index.html]
[www.adfiap.org/44th/wp-content/uploads/2021/10/Screenshot-24-300x169.png]
[www.adfiap.org/44th/wp-content/uploads/2021/10/Screenshot-25-1-300x169.png]
[www.adfiap.org/44th/43nd-adfiap-annual-meeting/index.html]
[www.adfiap.org/44th/wp-content/uploads/2021/10/54798650_2180205085358899_4853428050819284992_n-300x200.jpg]
[www.adfiap.org/44th/wp-content/uploads/2021/10/54729411_2180170075362400_1408728111784132608_n-300x200.jpg]
[www.adfiap.org/44th/wp-content/uploads/2021/10/54525258_2180193452026729_4390611703671291904_n-300x200.jpg]
[www.adfiap.org/44th/wp-content/uploads/2021/10/53931121_2180203978692343_5162602512867393536_n-300x200.jpg]
[www.adfiap.org/44th/wp-content/uploads/2021/10/54521845_2180170168695724_8461874408288419840_n-300x200.jpg]
[www.adfiap.org/44th/42nd-adfiap-annual-meeting/54798650_2180205085358899_4853428050819284992_n/index.html]
[www.adfiap.org/44th/wp-content/uploads/2021/10/54519389_2180170225362385_5481808992021774336_n-300x200.jpg]
[www.adfiap.org/44th/wp-content/uploads/2021/10/54518623_2180168862029188_1369592219459125248_n-300x200.jpg]
[www.adfiap.org/44th/wp-content/uploads/2021/10/54256527_2180168755362532_5862949397800681472_n-300x200.jpg]
[www.adfiap.org/44th/wp-content/uploads/2021/10/54254934_2180205635358844_6989762582194159616_n-300x200.jpg]
[www.adfiap.org/44th/42nd-adfiap-annual-meeting/54729411_2180170075362400_1408728111784132608_n/index.html]
[www.adfiap.org/44th/wp-content/uploads/2021/10/53835458_2180169358695805_2383898490720747520_n-300x200.jpg]
[www.adfiap.org/44th/wp-content/uploads/2021/10/54211727_2180192175360190_1094575628021137408_n-300x200.jpg]
[www.adfiap.org/44th/wp-content/uploads/2021/10/53734573_2180173172028757_4740622701884866560_n-300x200.jpg]
[www.adfiap.org/44th/wp-content/uploads/2021/10/54239177_2180111662034908_7532778157875658752_n-300x200.jpg]
[www.adfiap.org/44th/wp-content/uploads/2021/10/54518516_2180204098692331_2114339763333890048_n-300x200.jpg]
[www.adfiap.org/44th/42nd-adfiap-annual-meeting/54525258_2180193452026729_4390611703671291904_n/index.html]
[www.adfiap.org/44th/wp-content/uploads/2021/10/53865575_2180170755362332_1190458359132717056_n-300x200.jpg]
[www.adfiap.org/44th/wp-content/uploads/2021/10/53100514_2180205998692141_4445102640950411264_n-300x200.jpg]
[www.adfiap.org/44th/wp-content/uploads/2021/10/54192519_2180112015368206_4221602936687427584_n-300x200.jpg]
[www.adfiap.org/44th/wp-content/uploads/2021/10/54277997_2180173738695367_5787178671391375360_n-300x200.jpg]
[www.adfiap.org/44th/42nd-adfiap-annual-meeting/53931121_2180203978692343_5162602512867393536_n/index.html]
[www.adfiap.org/44th/wp-content/uploads/2021/10/53866447_2180189002027174_1312773749207990272_n-300x200.jpg]
[www.adfiap.org/44th/wp-content/uploads/2021/10/54258028_2180206562025418_1413497505462616064_n-300x200.jpg]
[www.adfiap.org/44th/42nd-adfiap-annual-meeting/54521845_2180170168695724_8461874408288419840_n/index.html]
[www.adfiap.org/44th/wp-content/uploads/2021/10/54255546_2180203858692355_4490230407790329856_n-300x200.jpg]
[www.adfiap.org/44th/wp-content/uploads/2021/10/54169433_2180188215360586_1571221284530946048_n-300x200.jpg]
[www.adfiap.org/44th/42nd-adfiap-annual-meeting/54519389_2180170225362385_5481808992021774336_n/index.html]
[www.adfiap.org/44th/wp-content/uploads/2021/10/54225917_2180172485362159_9205382957177503744_n-300x200.jpg]
[www.adfiap.org/44th/wp-content/uploads/2021/10/54217255_2180172788695462_8030202986422599680_n-300x200.jpg]
[www.adfiap.org/44th/wp-content/uploads/2021/10/54236951_2180173555362052_6381852820924006400_n-300x200.jpg]
[www.adfiap.org/44th/wp-content/uploads/2021/10/54433023_2180186665360741_8279196826280656896_n-300x200.jpg]
[www.adfiap.org/44th/42nd-adfiap-annual-meeting/54518623_2180168862029188_1369592219459125248_n/index.html]
[www.adfiap.org/44th/wp-content/uploads/2021/10/53781859_2180111532034921_1127464589198360576_n-300x200.jpg]
[www.adfiap.org/44th/42nd-adfiap-annual-meeting/54256527_2180168755362532_5862949397800681472_n/index.html]
[www.adfiap.org/44th/wp-content/uploads/2021/10/54257706_2180170415362366_3001373569360855040_n-300x200.jpg]
[www.adfiap.org/44th/wp-content/uploads/2021/10/54257807_2180205902025484_7693463995499413504_n-300x200.jpg]
[www.adfiap.org/44th/42nd-adfiap-annual-meeting/54254934_2180205635358844_6989762582194159616_n/index.html]
[www.adfiap.org/44th/wp-content/uploads/2021/10/unnamed-file-300x200.jpg]
[www.adfiap.org/44th/42nd-adfiap-annual-meeting/53835458_2180169358695805_2383898490720747520_n/index.html]
[www.adfiap.org/44th/wp-content/uploads/2021/10/54432674_2180192765360131_5434885963211866112_n-300x200.jpg]
[www.adfiap.org/44th/wp-content/uploads/2021/10/54254927_2180203085359099_3196891402776608768_n-300x200.jpg]
[www.adfiap.org/44th/42nd-adfiap-annual-meeting/54211727_2180192175360190_1094575628021137408_n/index.html]
[www.adfiap.org/44th/wp-content/uploads/2021/10/54433589_2180186698694071_3618684545890516992_n-300x200.jpg]
[www.adfiap.org/44th/wp-content/uploads/2021/10/54268071_2180196538693087_1025697198840479744_n-300x200.jpg]
[www.adfiap.org/44th/wp-content/uploads/2021/10/54230584_2180198398692901_5657033671899611136_n-300x200.jpg]
[www.adfiap.org/44th/42nd-adfiap-annual-meeting/53734573_2180173172028757_4740622701884866560_n/index.html]
[www.adfiap.org/44th/42nd-adfiap-annual-meeting/54239177_2180111662034908_7532778157875658752_n/index.html]
[www.adfiap.org/44th/wp-content/uploads/2021/10/54433766_2180188642027210_5684171375514746880_n-300x200.jpg]
[www.adfiap.org/44th/42nd-adfiap-annual-meeting/54518516_2180204098692331_2114339763333890048_n/index.html]
[www.adfiap.org/44th/wp-content/uploads/2021/10/54220480_2180203485359059_4462374753147027456_n-300x200.jpg]
[www.adfiap.org/44th/42nd-adfiap-annual-meeting/53865575_2180170755362332_1190458359132717056_n/index.html]
[www.adfiap.org/44th/wp-content/uploads/2021/10/54222386_2180199318692809_1139166846071603200_n-300x200.jpg]
[www.adfiap.org/44th/wp-content/uploads/2021/10/54006218_2180191808693560_6083590204327723008_n-300x200.jpg]
[www.adfiap.org/44th/wp-content/uploads/2021/10/54420998_2180197352026339_1967099496923922432_n-300x200.jpg]
[www.adfiap.org/44th/42nd-adfiap-annual-meeting/53100514_2180205998692141_4445102640950411264_n/index.html]
[www.adfiap.org/44th/wp-content/uploads/2021/10/54257645_2180186922027382_3409528456143175680_n-300x200.jpg]
[www.adfiap.org/44th/42nd-adfiap-annual-meeting/54192519_2180112015368206_4221602936687427584_n/index.html]
[www.adfiap.org/44th/wp-content/uploads/2021/10/53968581_2180183888694352_688481865979396096_n-300x200.jpg]
[www.adfiap.org/44th/42nd-adfiap-annual-meeting/54277997_2180173738695367_5787178671391375360_n/index.html]
[www.adfiap.org/44th/42nd-adfiap-annual-meeting/53866447_2180189002027174_1312773749207990272_n/index.html]
[www.adfiap.org/44th/42nd-adfiap-annual-meeting/54258028_2180206562025418_1413497505462616064_n/index.html]
[www.adfiap.org/44th/42nd-adfiap-annual-meeting/54255546_2180203858692355_4490230407790329856_n/index.html]
[www.adfiap.org/44th/wp-content/uploads/2021/10/53839899_2180169635362444_5693744496840278016_n-300x200.jpg]
[www.adfiap.org/44th/42nd-adfiap-annual-meeting/54169433_2180188215360586_1571221284530946048_n/index.html]
[www.adfiap.org/44th/wp-content/uploads/2021/10/53930286_2180202475359160_354495261898178560_n-300x200.jpg]
[www.adfiap.org/44th/wp-content/uploads/2021/10/53832724_2180187535360654_8867053346591080448_n-300x200.jpg]
[www.adfiap.org/44th/42nd-adfiap-annual-meeting/54225917_2180172485362159_9205382957177503744_n/index.html]
[www.adfiap.org/44th/42nd-adfiap-annual-meeting/54217255_2180172788695462_8030202986422599680_n/index.html]
[www.adfiap.org/44th/wp-content/uploads/2021/10/53799377_2180169872029087_4928242416860790784_n-300x200.jpg]
[www.adfiap.org/44th/wp-content/uploads/2021/10/53790501_2180173945362013_343110845489741824_n-300x200.jpg]
[www.adfiap.org/44th/wp-content/uploads/2021/10/53817055_2180171408695600_4777732391848378368_n-300x200.jpg]
[www.adfiap.org/44th/wp-content/uploads/2021/10/53833959_2180192275360180_4851701985067401216_n-300x200.jpg]
[www.adfiap.org/44th/wp-content/uploads/2021/10/53678718_2180112265368181_7443566799464955904_n-300x200.jpg]
[www.adfiap.org/44th/42nd-adfiap-annual-meeting/54236951_2180173555362052_6381852820924006400_n/index.html]
[www.adfiap.org/44th/42nd-adfiap-annual-meeting/54433023_2180186665360741_8279196826280656896_n/index.html]
[www.adfiap.org/44th/wp-content/uploads/2021/10/53761038_2180170705362337_441870397235789824_n-300x200.jpg]
[www.adfiap.org/44th/wp-content/uploads/2021/10/53891078_2180172402028834_825051333387091968_n-300x200.jpg]
[www.adfiap.org/44th/wp-content/uploads/2021/10/53781161_2180204778692263_1067661528993366016_n-300x200.jpg]
[www.adfiap.org/44th/wp-content/uploads/2021/10/53766591_2180205412025533_7474468101317197824_n-300x200.jpg]
[www.adfiap.org/44th/wp-content/uploads/2021/10/53732567_2180169938695747_304357183779241984_n-300x200.jpg]
[www.adfiap.org/44th/42nd-adfiap-annual-meeting/53781859_2180111532034921_1127464589198360576_n/index.html]
[www.adfiap.org/44th/wp-content/uploads/2021/10/53778679_2180169745362433_8659618314663755776_n-300x200.jpg]
[www.adfiap.org/44th/wp-content/uploads/2021/10/53781150_2180169305362477_4752077057540751360_n-300x200.jpg]
[www.adfiap.org/44th/wp-content/uploads/2021/10/53708077_2180169575362450_2445159670847897600_n-300x200.jpg]
[www.adfiap.org/44th/42nd-adfiap-annual-meeting/54257706_2180170415362366_3001373569360855040_n/index.html]
[www.adfiap.org/44th/wp-content/uploads/2021/10/53739876_2180172175362190_4050333646811299840_n-300x200.jpg]
[www.adfiap.org/44th/wp-content/uploads/2021/10/53792497_2180171265362281_5340990496288276480_n-300x200.jpg]
[www.adfiap.org/44th/42nd-adfiap-annual-meeting/54257807_2180205902025484_7693463995499413504_n/index.html]
[www.adfiap.org/44th/wp-content/uploads/2021/10/53602140_2180204652025609_8356232540817719296_n-300x200.jpg]
[www.adfiap.org/44th/wp-content/uploads/2021/10/53600205_2180205768692164_3283416168949350400_n-300x200.jpg]
[www.adfiap.org/44th/42nd-adfiap-annual-meeting/attachment/2294/index.html]
[www.adfiap.org/44th/wp-content/uploads/2021/10/53195391_2180173282028746_4716347014151929856_n-300x200.jpg]
[www.adfiap.org/44th/42nd-adfiap-annual-meeting/54432674_2180192765360131_5434885963211866112_n/index.html]
[www.adfiap.org/44th/wp-content/uploads/2021/10/53507837_2180206738692067_4528930146186428416_n-300x200.jpg]
[www.adfiap.org/44th/wp-content/uploads/2021/10/53212902_2180181132027961_4378275385071108096_n-300x200.jpg]
[www.adfiap.org/44th/wp-content/uploads/2021/10/53500022_2180111788701562_163690321866129408_n-300x200.jpg]
[www.adfiap.org/44th/wp-content/uploads/2021/10/53160342_2180172692028805_8175453686542106624_n-300x200.jpg]
[www.adfiap.org/44th/42nd-adfiap-annual-meeting/54254927_2180203085359099_3196891402776608768_n/index.html]
[www.adfiap.org/44th/wp-content/uploads/2021/10/53323377_2180204195358988_8630092690836422656_n-300x200.jpg]
[www.adfiap.org/44th/wp-content/uploads/2021/10/53875451_2180184255360982_4106908141445185536_n-300x200.jpg]
[www.adfiap.org/44th/42nd-adfiap-annual-meeting/54433589_2180186698694071_3618684545890516992_n/index.html]
[www.adfiap.org/44th/wp-content/uploads/2021/10/53878715_2180181782027896_1143741054961319936_n-300x200.jpg]
[www.adfiap.org/44th/42nd-adfiap-annual-meeting/54268071_2180196538693087_1025697198840479744_n/index.html]
[www.adfiap.org/44th/wp-content/uploads/2021/10/53886114_2180191705360237_3756240730494861312_n-300x200.jpg]
[www.adfiap.org/44th/wp-content/uploads/2021/10/53921559_2180194628693278_2057830367519309824_n-300x200.jpg]
[www.adfiap.org/44th/wp-content/uploads/2021/10/54169418_2180190102027064_7458663656755036160_n-300x200.jpg]
[www.adfiap.org/44th/wp-content/uploads/2021/10/54437131_2180195408693200_2491213844953694208_n-300x200.jpg]
[www.adfiap.org/44th/42nd-adfiap-annual-meeting/54230584_2180198398692901_5657033671899611136_n/index.html]
[www.adfiap.org/44th/wp-content/uploads/2021/10/53864615_2180194865359921_3254749654545334272_n-300x200.jpg]
[www.adfiap.org/44th/wp-content/uploads/2021/10/54257047_2180194082026666_4409315865338576896_n-300x200.jpg]
[www.adfiap.org/44th/wp-content/uploads/2021/10/53851676_2180188505360557_7192102103576215552_n-300x200.jpg]
[www.adfiap.org/44th/wp-content/uploads/2021/10/53835416_2180199885359419_1360451833268535296_n-300x200.jpg]
[www.adfiap.org/44th/wp-content/uploads/2021/10/53817058_2180195898693151_2070170641784373248_n-300x200.jpg]
[www.adfiap.org/44th/42nd-adfiap-annual-meeting/54433766_2180188642027210_5684171375514746880_n/index.html]
[www.adfiap.org/44th/wp-content/uploads/2021/10/53817076_2180194792026595_3072582250227826688_n-300x200.jpg]
[www.adfiap.org/44th/wp-content/uploads/2021/10/53832773_2180197285359679_5981457333727789056_n-300x200.jpg]
[www.adfiap.org/44th/wp-content/uploads/2021/10/53812006_2180187125360695_3686552493820477440_n-300x200.jpg]
[www.adfiap.org/44th/42nd-adfiap-annual-meeting/54220480_2180203485359059_4462374753147027456_n/index.html]
[www.adfiap.org/44th/42nd-adfiap-annual-meeting/54222386_2180199318692809_1139166846071603200_n/index.html]
[www.adfiap.org/44th/42nd-adfiap-annual-meeting/54006218_2180191808693560_6083590204327723008_n/index.html]
[www.adfiap.org/44th/wp-content/uploads/2021/10/53743427_2180189268693814_8505005328868311040_n-300x200.jpg]
[www.adfiap.org/44th/wp-content/uploads/2021/10/53754281_2180197188693022_6414056842191699968_n-300x200.jpg]
[www.adfiap.org/44th/42nd-adfiap-annual-meeting/54420998_2180197352026339_1967099496923922432_n/index.html]
[www.adfiap.org/44th/wp-content/uploads/2021/10/54279536_2180195578693183_3936094624908574720_n-300x200.jpg]
[www.adfiap.org/44th/wp-content/uploads/2021/10/53687144_2180197978692943_4827423728944021504_n-300x200.jpg]
[www.adfiap.org/44th/42nd-adfiap-annual-meeting/54257645_2180186922027382_3409528456143175680_n/index.html]
[www.adfiap.org/44th/42nd-adfiap-annual-meeting/53968581_2180183888694352_688481865979396096_n/index.html]
[www.adfiap.org/44th/wp-content/uploads/2021/10/54381460_2180189855360422_1861034347541299200_n-300x200.jpg]
[www.adfiap.org/44th/wp-content/uploads/2021/10/53677032_2180194525359955_3978255686038454272_n-300x200.jpg]
[www.adfiap.org/44th/wp-content/uploads/2021/10/53674828_2180196342026440_8133269479833468928_n-300x200.jpg]
[www.adfiap.org/44th/42nd-adfiap-annual-meeting/53839899_2180169635362444_5693744496840278016_n/index.html]
[www.adfiap.org/44th/wp-content/uploads/2021/10/53652931_2180194695359938_375176886638084096_n-300x200.jpg]
[www.adfiap.org/44th/wp-content/uploads/2021/10/53248423_2180195862026488_5052258545265803264_n-300x200.jpg]
[www.adfiap.org/44th/42nd-adfiap-annual-meeting/53930286_2180202475359160_354495261898178560_n/index.html]
[www.adfiap.org/44th/42nd-adfiap-annual-meeting/53832724_2180187535360654_8867053346591080448_n/index.html]
[www.adfiap.org/44th/wp-content/uploads/2021/10/53314618_2180190845360323_8214440603631484928_n-300x200.jpg]
[www.adfiap.org/44th/42nd-adfiap-annual-meeting/53799377_2180169872029087_4928242416860790784_n/index.html]
[www.adfiap.org/44th/wp-content/uploads/2021/10/53503866_2180198275359580_380355212742754304_n-300x200.jpg]
[www.adfiap.org/44th/42nd-adfiap-annual-meeting/53790501_2180173945362013_343110845489741824_n/index.html]
[www.adfiap.org/44th/wp-content/uploads/2021/10/53092854_2180189065360501_2870519006912053248_n-300x200.jpg]
[www.adfiap.org/44th/42nd-adfiap-annual-meeting/index.html]
[www.adfiap.org/44th/category/media-gallery/photos/index.html]
[www.adfiap.org/44th/42nd-adfiap-annual-meeting/53817055_2180171408695600_4777732391848378368_n/index.html]
[www.adfiap.org/44th/42nd-adfiap-annual-meeting/53833959_2180192275360180_4851701985067401216_n/index.html]
[www.adfiap.org/44th/42nd-adfiap-annual-meeting/53678718_2180112265368181_7443566799464955904_n/index.html]
[www.adfiap.org/44th/42nd-adfiap-annual-meeting/53761038_2180170705362337_441870397235789824_n/index.html]
[www.adfiap.org/44th/42nd-adfiap-annual-meeting/53891078_2180172402028834_825051333387091968_n/index.html]
[www.adfiap.org/44th/42nd-adfiap-annual-meeting/53781161_2180204778692263_1067661528993366016_n/index.html]
[www.adfiap.org/44th/42nd-adfiap-annual-meeting/53732567_2180169938695747_304357183779241984_n/index.html]
[www.adfiap.org/44th/42nd-adfiap-annual-meeting/53766591_2180205412025533_7474468101317197824_n/index.html]
[www.adfiap.org/44th/42nd-adfiap-annual-meeting/53778679_2180169745362433_8659618314663755776_n/index.html]
[www.adfiap.org/44th/42nd-adfiap-annual-meeting/53781150_2180169305362477_4752077057540751360_n/index.html]
[www.adfiap.org/44th/41st-adfiap-annual-meeting-video/index.html]
[www.adfiap.org/44th/42nd-adfiap-annual-meeting/53708077_2180169575362450_2445159670847897600_n/index.html]
[www.adfiap.org/44th/42nd-adfiap-annual-meeting/53739876_2180172175362190_4050333646811299840_n/index.html]
[www.adfiap.org/44th/42nd-adfiap-annual-meeting/53792497_2180171265362281_5340990496288276480_n/index.html]
[www.adfiap.org/44th/42nd-adfiap-annual-meeting/53602140_2180204652025609_8356232540817719296_n/index.html]
[www.adfiap.org/44th/42nd-adfiap-annual-meeting/53600205_2180205768692164_3283416168949350400_n/index.html]
[www.adfiap.org/44th/adfiap-40th-agm-video-macau/index.html]
[www.adfiap.org/44th/42nd-adfiap-annual-meeting/53195391_2180173282028746_4716347014151929856_n/index.html]
[www.adfiap.org/44th/42nd-adfiap-annual-meeting/53507837_2180206738692067_4528930146186428416_n/index.html]
[www.adfiap.org/44th/42nd-adfiap-annual-meeting/53212902_2180181132027961_4378275385071108096_n/index.html]
[www.adfiap.org/44th/42nd-adfiap-annual-meeting/53500022_2180111788701562_163690321866129408_n/index.html]
[www.adfiap.org/44th/42nd-adfiap-annual-meeting/53160342_2180172692028805_8175453686542106624_n/index.html]
[www.adfiap.org/44th/42nd-adfiap-annual-meeting/53323377_2180204195358988_8630092690836422656_n/index.html]
[www.adfiap.org/44th/42nd-adfiap-annual-meeting/53875451_2180184255360982_4106908141445185536_n/index.html]
[www.adfiap.org/44th/42nd-adfiap-annual-meeting/53878715_2180181782027896_1143741054961319936_n/index.html]
[www.adfiap.org/44th/wp-content/uploads/2017/01/IMG_3144.jpg]
[www.adfiap.org/44th/42nd-adfiap-annual-meeting/53886114_2180191705360237_3756240730494861312_n/index.html]
[www.adfiap.org/44th/42nd-adfiap-annual-meeting/53921559_2180194628693278_2057830367519309824_n/index.html]
[www.adfiap.org/44th/42nd-adfiap-annual-meeting/54169418_2180190102027064_7458663656755036160_n/index.html]
[www.adfiap.org/44th/42nd-adfiap-annual-meeting/54437131_2180195408693200_2491213844953694208_n/index.html]
[www.adfiap.org/44th/wp-content/uploads/2017/01/IMG_3144-150x150.jpg]
[www.adfiap.org/44th/42nd-adfiap-annual-meeting/53864615_2180194865359921_3254749654545334272_n/index.html]
[www.adfiap.org/44th/wp-content/uploads/2017/01/A_0356-snpf-management.jpg]
[www.adfiap.org/44th/42nd-adfiap-annual-meeting/54257047_2180194082026666_4409315865338576896_n/index.html]
[www.adfiap.org/44th/42nd-adfiap-annual-meeting/53851676_2180188505360557_7192102103576215552_n/index.html]
[www.adfiap.org/44th/wp-content/uploads/2017/01/A_0356-snpf-management-150x150.jpg]
[www.adfiap.org/44th/wp-content/uploads/2017/01/IMG_3054.jpg]
[www.adfiap.org/44th/42nd-adfiap-annual-meeting/53835416_2180199885359419_1360451833268535296_n/index.html]
[www.adfiap.org/44th/wp-content/uploads/2017/01/IMG_3054-150x150.jpg]
[www.adfiap.org/44th/42nd-adfiap-annual-meeting/53817058_2180195898693151_2070170641784373248_n/index.html]
[www.adfiap.org/44th/wp-content/uploads/2017/01/IMG_3055.jpg]
[www.adfiap.org/44th/42nd-adfiap-annual-meeting/53817076_2180194792026595_3072582250227826688_n/index.html]
[www.adfiap.org/44th/42nd-adfiap-annual-meeting/53832773_2180197285359679_5981457333727789056_n/index.html]
[www.adfiap.org/44th/42nd-adfiap-annual-meeting/53812006_2180187125360695_3686552493820477440_n/index.html]
[www.adfiap.org/44th/wp-content/uploads/2017/01/IMG_3055-150x150.jpg]
[www.adfiap.org/44th/wp-content/uploads/2017/01/IMG_3057.jpg]
[www.adfiap.org/44th/42nd-adfiap-annual-meeting/53743427_2180189268693814_8505005328868311040_n/index.html]
[www.adfiap.org/44th/42nd-adfiap-annual-meeting/53754281_2180197188693022_6414056842191699968_n/index.html]
[www.adfiap.org/44th/wp-content/uploads/2017/01/IMG_3057-150x150.jpg]
[www.adfiap.org/44th/42nd-adfiap-annual-meeting/54279536_2180195578693183_3936094624908574720_n/index.html]
[www.adfiap.org/44th/42nd-adfiap-annual-meeting/53687144_2180197978692943_4827423728944021504_n/index.html]
[www.adfiap.org/44th/wp-content/uploads/2017/01/IMG_3060.jpg]
[www.adfiap.org/44th/42nd-adfiap-annual-meeting/53677032_2180194525359955_3978255686038454272_n/index.html]
[www.adfiap.org/44th/42nd-adfiap-annual-meeting/54381460_2180189855360422_1861034347541299200_n/index.html]
[www.adfiap.org/44th/wp-content/uploads/2017/01/IMG_3060-150x150.jpg]
[www.adfiap.org/44th/42nd-adfiap-annual-meeting/53674828_2180196342026440_8133269479833468928_n/index.html]
[www.adfiap.org/44th/wp-content/uploads/2017/01/IMG_3063.jpg]
[www.adfiap.org/44th/42nd-adfiap-annual-meeting/53652931_2180194695359938_375176886638084096_n/index.html]
[www.adfiap.org/44th/42nd-adfiap-annual-meeting/53248423_2180195862026488_5052258545265803264_n/index.html]
[www.adfiap.org/44th/wp-content/uploads/2017/01/IMG_3063-150x150.jpg]
[www.adfiap.org/44th/42nd-adfiap-annual-meeting/53314618_2180190845360323_8214440603631484928_n/index.html]
[www.adfiap.org/44th/wp-content/uploads/2017/01/IMG_3133.jpg]
[www.adfiap.org/44th/42nd-adfiap-annual-meeting/53503866_2180198275359580_380355212742754304_n/index.html]
[www.adfiap.org/44th/wp-content/uploads/2017/01/IMG_3133-150x150.jpg]
[www.adfiap.org/44th/42nd-adfiap-annual-meeting/53092854_2180189065360501_2870519006912053248_n/index.html]
[www.adfiap.org/44th/wp-content/uploads/2017/01/IMG_3184.jpg]
[www.adfiap.org/44th/wp-content/uploads/2017/01/IMG_3184-150x150.jpg]
[www.adfiap.org/44th/wp-content/uploads/2017/01/IMG_3222.jpg]
[www.adfiap.org/44th/wp-content/uploads/2017/01/IMG_3222-150x150.jpg]
[www.adfiap.org/44th/wp-content/uploads/2017/01/IMG_3225.jpg]
[www.adfiap.org/44th/wp-content/uploads/2017/01/IMG_3225-150x150.jpg]
[www.adfiap.org/44th/wp-content/uploads/2017/01/IMG_4360.jpg]
[www.adfiap.org/44th/wp-content/uploads/2017/01/IMG_4360-150x150.jpg]
[www.adfiap.org/44th/wp-content/uploads/2017/01/IMG_4364.jpg]
[www.adfiap.org/44th/wp-content/uploads/2017/01/IMG_4364-150x150.jpg]
[www.adfiap.org/44th/wp-content/uploads/2017/01/IMG_4370.jpg]
[www.adfiap.org/44th/wp-content/uploads/2017/01/IMG_4370-150x150.jpg]
[www.adfiap.org/44th/wp-content/uploads/2017/01/IMG_4674.jpg]
[www.adfiap.org/44th/wp-content/uploads/2017/01/IMG_4674-150x150.jpg]
[www.adfiap.org/44th/wp-content/uploads/2017/01/IMG_4685.jpg]
[www.adfiap.org/44th/wp-content/uploads/2017/01/IMG_4685-150x150.jpg]
[www.adfiap.org/44th/wp-content/uploads/2017/01/IMG_4686.jpg]
[www.adfiap.org/44th/wp-content/uploads/2017/01/IMG_4686-150x150.jpg]
[www.adfiap.org/44th/wp-content/uploads/2017/01/IMG_4692.jpg]
[www.adfiap.org/44th/wp-content/uploads/2017/01/IMG_4692-150x150.jpg]
[www.adfiap.org/44th/wp-content/uploads/2017/01/IMG_4696.jpg]
[www.adfiap.org/44th/wp-content/uploads/2017/01/IMG_4696-150x150.jpg]
[www.adfiap.org/44th/wp-content/uploads/2017/01/IMG_4701.jpg]
[www.adfiap.org/44th/wp-content/uploads/2017/01/IMG_4701-150x150.jpg]
[www.adfiap.org/44th/wp-content/uploads/2017/01/IMG_4705.jpg]
[www.adfiap.org/44th/wp-content/uploads/2017/01/IMG_4705-150x150.jpg]
[www.adfiap.org/44th/wp-content/uploads/2017/01/IMG_4710.jpg]
[www.adfiap.org/44th/wp-content/uploads/2017/01/IMG_4710-150x150.jpg]
[www.adfiap.org/44th/wp-content/uploads/2017/01/IMG_4719.jpg]
[www.adfiap.org/44th/wp-content/uploads/2017/01/IMG_4719-150x150.jpg]
[www.adfiap.org/44th/wp-content/uploads/2017/01/IMG_4722.jpg]
[www.adfiap.org/44th/wp-content/uploads/2017/01/IMG_4722-150x150.jpg]
[www.adfiap.org/44th/wp-content/uploads/2017/01/IMG_4731.jpg]
[www.adfiap.org/44th/wp-content/uploads/2017/01/IMG_4731-150x150.jpg]
[www.adfiap.org/44th/wp-content/uploads/2017/01/IMG_4745.jpg]
[www.adfiap.org/44th/wp-content/uploads/2017/01/IMG_4745-150x150.jpg]
[www.adfiap.org/44th/wp-content/uploads/2017/01/IMG_4762.jpg]
[www.adfiap.org/44th/wp-content/uploads/2017/01/IMG_4762-150x150.jpg]
[www.adfiap.org/44th/wp-content/uploads/2017/01/IMG_4773.jpg]
[www.adfiap.org/44th/wp-content/uploads/2017/01/IMG_4773-150x150.jpg]
[www.adfiap.org/44th/wp-content/uploads/2017/01/IMG_4794.jpg]
[www.adfiap.org/44th/wp-content/uploads/2017/01/IMG_4794-150x150.jpg]
[www.adfiap.org/44th/39th-annual-meeting-samoa/index.html]
[www.adfiap.org/44th/wp-content/uploads/2016/01/11337000_891856617527092_3526215023979405989_o.jpg]
[www.adfiap.org/44th/wp-content/uploads/2016/01/11337000_891856617527092_3526215023979405989_o-150x150.jpg]
[www.adfiap.org/44th/wp-content/uploads/2016/01/11313123_460299957458633_1423393901487483219_o.jpg]
[www.adfiap.org/44th/wp-content/uploads/2016/01/11313123_460299957458633_1423393901487483219_o-150x150.jpg]
[www.adfiap.org/44th/wp-content/uploads/2016/01/11312978_460299487458680_8116224295285076087_o.jpg]
[www.adfiap.org/44th/wp-content/uploads/2016/01/11312978_460299487458680_8116224295285076087_o-150x150.jpg]
[www.adfiap.org/44th/wp-content/uploads/2016/01/11312849_460299507458678_758194062606833554_o.jpg]
[www.adfiap.org/44th/wp-content/uploads/2016/01/11312849_460299507458678_758194062606833554_o-150x150.jpg]
[www.adfiap.org/44th/wp-content/uploads/2016/01/11289040_892686800777407_6398225085434222982_o.jpg]
[www.adfiap.org/44th/wp-content/uploads/2016/01/11289040_892686800777407_6398225085434222982_o-150x150.jpg]
[www.adfiap.org/44th/wp-content/uploads/2016/01/11194423_460299584125337_5078454740653056866_o.jpg]
[www.adfiap.org/44th/wp-content/uploads/2016/01/11194423_460299584125337_5078454740653056866_o-150x150.jpg]
[www.adfiap.org/44th/wp-content/uploads/2016/01/11159943_460299914125304_5640784029252765290_o.jpg]
[www.adfiap.org/44th/wp-content/uploads/2016/01/11159943_460299914125304_5640784029252765290_o-150x150.jpg]
[www.adfiap.org/44th/wp-content/uploads/2016/01/11140744_460299847458644_7052951859237365254_o.jpg]
[www.adfiap.org/44th/wp-content/uploads/2016/01/11140744_460299847458644_7052951859237365254_o-150x150.jpg]
[www.adfiap.org/44th/wp-content/uploads/2016/01/11103095_460299544125341_2653256440994736198_o.jpg]
[www.adfiap.org/44th/wp-content/uploads/2016/01/11103095_460299544125341_2653256440994736198_o-150x150.jpg]
[www.adfiap.org/44th/wp-content/uploads/2016/01/886089_891857074193713_5478858964501043354_o.jpg]
[www.adfiap.org/44th/wp-content/uploads/2016/01/886089_891857074193713_5478858964501043354_o-150x150.jpg]
[www.adfiap.org/44th/wp-content/uploads/2016/01/1522981_892684427444311_6390474786762632391_o.jpg]
[www.adfiap.org/44th/wp-content/uploads/2016/01/1522981_892684427444311_6390474786762632391_o-150x150.jpg]
[www.adfiap.org/44th/wp-content/uploads/2016/01/11070993_891856877527066_5969059098376684849_o.jpg]
[www.adfiap.org/44th/wp-content/uploads/2016/01/11070993_891856877527066_5969059098376684849_o-150x150.jpg]
[www.adfiap.org/44th/38th-annual-meeting-nha-trang-vietnam/index.html]
[www.adfiap.org/44th/indexaca3.html]
[www.adfiap.org/44th/wp-json/oembed/1.0/embed8db1.html]
[www.adfiap.org/44th/wp-json/oembed/1.0/embed4441.html]
[www.adfiap.org/44th/wp-content/uploads/2020/10/DBP-Print-Ad-for-2020-ADVANCE-Magazine-825X1075-967x1260.jpg]
[www.adfiap.org/44th/wp-content/uploads/2020/10/DBP-hi-res-logo-68x56.png]
[www.adfiap.org/44th/gold-sponsors/page/2/index.html]
[www.adfiap.org/44th/index348c.html]
[www.adfiap.org/44th/wp-json/oembed/1.0/embed3552.html]
[www.adfiap.org/44th/wp-json/oembed/1.0/embedb9fa.html]
[www.adfiap.org/44th/wp-content/uploads/2021/10/poster-967x1142.png]
[www.adfiap.org/44th/wp-content/uploads/2021/10/CARD-SME-Bank-Logo-with-Tagline_Version-2-201x56.png]
[www.adfiap.org/44th/wp-content/uploads/2021/10/LINGKOD-PAGIBIG-BANNER-929-PIXELS-X-728-PIXELS.jpg]
[www.adfiap.org/44th/wp-content/uploads/2021/09/logo-retina-242x56.png]
[www.adfiap.org/44th/silver-sponsors/page/2/index.html]
[www.adfiap.org/44th/index1a80.html]
[www.adfiap.org/44th/wp-json/oembed/1.0/embedd9ae.html]
[www.adfiap.org/44th/wp-json/oembed/1.0/embede9b1.html]
[www.adfiap.org/44th/wp-content/plugins/visual-form-builder/public/assets/css/visual-form-builder.min.css]
[www.adfiap.org/44th/wp-content/plugins/visual-form-builder/public/assets/css/smoothness/jquery-ui-1.10.3.min.css]
[www.adfiap.org/44th/index0735.html]
[www.adfiap.org/44th/wp-json/oembed/1.0/embedd8de.html]
[www.adfiap.org/44th/wp-json/oembed/1.0/embedad2e.html]
[www.adfiap.org/44th/index341b.html]
[www.adfiap.org/44th/wp-json/oembed/1.0/embed405f.html]
[www.adfiap.org/44th/wp-json/oembed/1.0/embedaf38.html]
[www.adfiap.org/44th/indexaffb.html]
[www.adfiap.org/44th/wp-json/oembed/1.0/embedb915.html]
[www.adfiap.org/44th/wp-json/oembed/1.0/embedbedf.html]
[www.adfiap.org/44th/index0b69.html]
[www.adfiap.org/44th/wp-json/oembed/1.0/embed0f28.html]
[www.adfiap.org/44th/wp-json/oembed/1.0/embedbeaf.html]
[www.adfiap.org/44th/indexdb4e.html]
[www.adfiap.org/44th/wp-json/oembed/1.0/embedab23.html]
[www.adfiap.org/44th/wp-json/oembed/1.0/embedc753.html]
[www.adfiap.org/44th/index678b.html]
[www.adfiap.org/44th/wp-json/oembed/1.0/embed1df0.html]
[www.adfiap.org/44th/wp-json/oembed/1.0/embed52e7.html]
[www.adfiap.org/44th/index95ea.html]
[www.adfiap.org/44th/wp-json/oembed/1.0/embedb4d6.html]
[www.adfiap.org/44th/wp-json/oembed/1.0/embed9ad7.html]
[www.adfiap.org/44th/indexcc0b.html]
[www.adfiap.org/44th/wp-json/oembed/1.0/embed9b0e.html]
[www.adfiap.org/44th/wp-json/oembed/1.0/embede2df.html]
[www.adfiap.org/44th/indexc8c7.html]
[www.adfiap.org/44th/wp-json/oembed/1.0/embedc556.html]
[www.adfiap.org/44th/wp-json/oembed/1.0/embedc354.html]
[www.adfiap.org/44th/silver-sponsors/page/3/index.html]
[www.adfiap.org/44th/wp-content/uploads/2021/10/54798650_2180205085358899_4853428050819284992_n.jpg]
[www.adfiap.org/44th/42nd-adfiap-annual-meeting/54798650_2180205085358899_4853428050819284992_n/index.html]
[www.adfiap.org/44th/42nd-adfiap-annual-meeting/54729411_2180170075362400_1408728111784132608_n/index.html]
[www.adfiap.org/44th/wp-content/uploads/2021/10/54729411_2180170075362400_1408728111784132608_n.jpg]
[www.adfiap.org/44th/42nd-adfiap-annual-meeting/54525258_2180193452026729_4390611703671291904_n/index.html]
[www.adfiap.org/44th/wp-content/uploads/2021/10/54525258_2180193452026729_4390611703671291904_n.jpg]
[www.adfiap.org/44th/wp-content/uploads/2021/10/53931121_2180203978692343_5162602512867393536_n.jpg]
[www.adfiap.org/44th/42nd-adfiap-annual-meeting/53931121_2180203978692343_5162602512867393536_n/index.html]
[www.adfiap.org/44th/wp-content/uploads/2021/10/54521845_2180170168695724_8461874408288419840_n.jpg]
[www.adfiap.org/44th/42nd-adfiap-annual-meeting/54521845_2180170168695724_8461874408288419840_n/index.html]
[www.adfiap.org/44th/42nd-adfiap-annual-meeting/54519389_2180170225362385_5481808992021774336_n/index.html]
[www.adfiap.org/44th/wp-content/uploads/2021/10/54519389_2180170225362385_5481808992021774336_n.jpg]
[www.adfiap.org/44th/wp-content/uploads/2021/10/54518623_2180168862029188_1369592219459125248_n.jpg]
[www.adfiap.org/44th/42nd-adfiap-annual-meeting/54518623_2180168862029188_1369592219459125248_n/index.html]
[www.adfiap.org/44th/wp-content/uploads/2021/10/54256527_2180168755362532_5862949397800681472_n.jpg]
[www.adfiap.org/44th/42nd-adfiap-annual-meeting/54256527_2180168755362532_5862949397800681472_n/index.html]
[www.adfiap.org/44th/wp-content/uploads/2021/10/54254934_2180205635358844_6989762582194159616_n.jpg]
[www.adfiap.org/44th/42nd-adfiap-annual-meeting/54254934_2180205635358844_6989762582194159616_n/index.html]
[www.adfiap.org/44th/42nd-adfiap-annual-meeting/53835458_2180169358695805_2383898490720747520_n/index.html]
[www.adfiap.org/44th/wp-content/uploads/2021/10/53835458_2180169358695805_2383898490720747520_n.jpg]
[www.adfiap.org/44th/42nd-adfiap-annual-meeting/54211727_2180192175360190_1094575628021137408_n/index.html]
[www.adfiap.org/44th/wp-content/uploads/2021/10/54211727_2180192175360190_1094575628021137408_n.jpg]
[www.adfiap.org/44th/wp-content/uploads/2021/10/53734573_2180173172028757_4740622701884866560_n.jpg]
[www.adfiap.org/44th/42nd-adfiap-annual-meeting/53734573_2180173172028757_4740622701884866560_n/index.html]
[www.adfiap.org/44th/42nd-adfiap-annual-meeting/54239177_2180111662034908_7532778157875658752_n/index.html]
[www.adfiap.org/44th/wp-content/uploads/2021/10/54239177_2180111662034908_7532778157875658752_n.jpg]
[www.adfiap.org/44th/wp-content/uploads/2021/10/54518516_2180204098692331_2114339763333890048_n.jpg]
[www.adfiap.org/44th/42nd-adfiap-annual-meeting/54518516_2180204098692331_2114339763333890048_n/index.html]
[www.adfiap.org/44th/42nd-adfiap-annual-meeting/53865575_2180170755362332_1190458359132717056_n/index.html]
[www.adfiap.org/44th/wp-content/uploads/2021/10/53865575_2180170755362332_1190458359132717056_n.jpg]
[www.adfiap.org/44th/42nd-adfiap-annual-meeting/53100514_2180205998692141_4445102640950411264_n/index.html]
[www.adfiap.org/44th/wp-content/uploads/2021/10/53100514_2180205998692141_4445102640950411264_n.jpg]
[www.adfiap.org/44th/wp-content/uploads/2021/10/54192519_2180112015368206_4221602936687427584_n.jpg]
[www.adfiap.org/44th/42nd-adfiap-annual-meeting/54192519_2180112015368206_4221602936687427584_n/index.html]
[www.adfiap.org/44th/wp-content/uploads/2021/10/54277997_2180173738695367_5787178671391375360_n.jpg]
[www.adfiap.org/44th/42nd-adfiap-annual-meeting/54277997_2180173738695367_5787178671391375360_n/index.html]
[www.adfiap.org/44th/wp-content/uploads/2021/10/53866447_2180189002027174_1312773749207990272_n.jpg]
[www.adfiap.org/44th/42nd-adfiap-annual-meeting/53866447_2180189002027174_1312773749207990272_n/index.html]
[www.adfiap.org/44th/wp-content/uploads/2021/10/54258028_2180206562025418_1413497505462616064_n.jpg]
[www.adfiap.org/44th/42nd-adfiap-annual-meeting/54258028_2180206562025418_1413497505462616064_n/index.html]
[www.adfiap.org/44th/wp-content/uploads/2021/10/54255546_2180203858692355_4490230407790329856_n.jpg]
[www.adfiap.org/44th/42nd-adfiap-annual-meeting/54255546_2180203858692355_4490230407790329856_n/index.html]
[www.adfiap.org/44th/wp-content/uploads/2021/10/54169433_2180188215360586_1571221284530946048_n.jpg]
[www.adfiap.org/44th/42nd-adfiap-annual-meeting/54169433_2180188215360586_1571221284530946048_n/index.html]
[www.adfiap.org/44th/wp-content/uploads/2021/10/54225917_2180172485362159_9205382957177503744_n.jpg]
[www.adfiap.org/44th/42nd-adfiap-annual-meeting/54225917_2180172485362159_9205382957177503744_n/index.html]
[www.adfiap.org/44th/wp-content/uploads/2021/10/54217255_2180172788695462_8030202986422599680_n.jpg]
[www.adfiap.org/44th/42nd-adfiap-annual-meeting/54217255_2180172788695462_8030202986422599680_n/index.html]
[www.adfiap.org/44th/42nd-adfiap-annual-meeting/54236951_2180173555362052_6381852820924006400_n/index.html]
[www.adfiap.org/44th/wp-content/uploads/2021/10/54236951_2180173555362052_6381852820924006400_n.jpg]
[www.adfiap.org/44th/42nd-adfiap-annual-meeting/54433023_2180186665360741_8279196826280656896_n/index.html]
[www.adfiap.org/44th/wp-content/uploads/2021/10/54433023_2180186665360741_8279196826280656896_n.jpg]
[www.adfiap.org/44th/42nd-adfiap-annual-meeting/53781859_2180111532034921_1127464589198360576_n/index.html]
[www.adfiap.org/44th/wp-content/uploads/2021/10/53781859_2180111532034921_1127464589198360576_n.jpg]
[www.adfiap.org/44th/42nd-adfiap-annual-meeting/54257706_2180170415362366_3001373569360855040_n/index.html]
[www.adfiap.org/44th/wp-content/uploads/2021/10/54257706_2180170415362366_3001373569360855040_n.jpg]
[www.adfiap.org/44th/42nd-adfiap-annual-meeting/54257807_2180205902025484_7693463995499413504_n/index.html]
[www.adfiap.org/44th/wp-content/uploads/2021/10/54257807_2180205902025484_7693463995499413504_n.jpg]
[www.adfiap.org/44th/wp-content/uploads/2021/10/unnamed-file.jpg]
[www.adfiap.org/44th/42nd-adfiap-annual-meeting/attachment/2294/index.html]
[www.adfiap.org/44th/42nd-adfiap-annual-meeting/54432674_2180192765360131_5434885963211866112_n/index.html]
[www.adfiap.org/44th/wp-content/uploads/2021/10/54432674_2180192765360131_5434885963211866112_n.jpg]
[www.adfiap.org/44th/wp-content/uploads/2021/10/54254927_2180203085359099_3196891402776608768_n.jpg]
[www.adfiap.org/44th/42nd-adfiap-annual-meeting/54254927_2180203085359099_3196891402776608768_n/index.html]
[www.adfiap.org/44th/wp-content/uploads/2021/10/54433589_2180186698694071_3618684545890516992_n.jpg]
[www.adfiap.org/44th/42nd-adfiap-annual-meeting/54433589_2180186698694071_3618684545890516992_n/index.html]
[www.adfiap.org/44th/42nd-adfiap-annual-meeting/54268071_2180196538693087_1025697198840479744_n/index.html]
[www.adfiap.org/44th/wp-content/uploads/2021/10/54268071_2180196538693087_1025697198840479744_n.jpg]
[www.adfiap.org/44th/wp-content/uploads/2021/10/54230584_2180198398692901_5657033671899611136_n.jpg]
[www.adfiap.org/44th/42nd-adfiap-annual-meeting/54230584_2180198398692901_5657033671899611136_n/index.html]
[www.adfiap.org/44th/wp-content/uploads/2021/10/54433766_2180188642027210_5684171375514746880_n.jpg]
[www.adfiap.org/44th/42nd-adfiap-annual-meeting/54433766_2180188642027210_5684171375514746880_n/index.html]
[www.adfiap.org/44th/wp-content/uploads/2021/10/54220480_2180203485359059_4462374753147027456_n.jpg]
[www.adfiap.org/44th/42nd-adfiap-annual-meeting/54220480_2180203485359059_4462374753147027456_n/index.html]
[www.adfiap.org/44th/wp-content/uploads/2021/10/54222386_2180199318692809_1139166846071603200_n.jpg]
[www.adfiap.org/44th/42nd-adfiap-annual-meeting/54222386_2180199318692809_1139166846071603200_n/index.html]
[www.adfiap.org/44th/wp-content/uploads/2021/10/54006218_2180191808693560_6083590204327723008_n.jpg]
[www.adfiap.org/44th/42nd-adfiap-annual-meeting/54006218_2180191808693560_6083590204327723008_n/index.html]
[www.adfiap.org/44th/42nd-adfiap-annual-meeting/54420998_2180197352026339_1967099496923922432_n/index.html]
[www.adfiap.org/44th/wp-content/uploads/2021/10/54420998_2180197352026339_1967099496923922432_n.jpg]
[www.adfiap.org/44th/42nd-adfiap-annual-meeting/54257645_2180186922027382_3409528456143175680_n/index.html]
[www.adfiap.org/44th/wp-content/uploads/2021/10/54257645_2180186922027382_3409528456143175680_n.jpg]
[www.adfiap.org/44th/wp-content/uploads/2021/10/53968581_2180183888694352_688481865979396096_n.jpg]
[www.adfiap.org/44th/42nd-adfiap-annual-meeting/53968581_2180183888694352_688481865979396096_n/index.html]
[www.adfiap.org/44th/wp-content/uploads/2021/10/53839899_2180169635362444_5693744496840278016_n.jpg]
[www.adfiap.org/44th/42nd-adfiap-annual-meeting/53839899_2180169635362444_5693744496840278016_n/index.html]
[www.adfiap.org/44th/wp-content/uploads/2021/10/53930286_2180202475359160_354495261898178560_n.jpg]
[www.adfiap.org/44th/42nd-adfiap-annual-meeting/53930286_2180202475359160_354495261898178560_n/index.html]
[www.adfiap.org/44th/wp-content/uploads/2021/10/53832724_2180187535360654_8867053346591080448_n.jpg]
[www.adfiap.org/44th/42nd-adfiap-annual-meeting/53832724_2180187535360654_8867053346591080448_n/index.html]
[www.adfiap.org/44th/42nd-adfiap-annual-meeting/53799377_2180169872029087_4928242416860790784_n/index.html]
[www.adfiap.org/44th/wp-content/uploads/2021/10/53799377_2180169872029087_4928242416860790784_n.jpg]
[www.adfiap.org/44th/wp-content/uploads/2021/10/53790501_2180173945362013_343110845489741824_n.jpg]
[www.adfiap.org/44th/42nd-adfiap-annual-meeting/53790501_2180173945362013_343110845489741824_n/index.html]
[www.adfiap.org/44th/wp-content/uploads/2021/10/53817055_2180171408695600_4777732391848378368_n.jpg]
[www.adfiap.org/44th/42nd-adfiap-annual-meeting/53817055_2180171408695600_4777732391848378368_n/index.html]
[www.adfiap.org/44th/42nd-adfiap-annual-meeting/53833959_2180192275360180_4851701985067401216_n/index.html]
[www.adfiap.org/44th/wp-content/uploads/2021/10/53833959_2180192275360180_4851701985067401216_n.jpg]
[www.adfiap.org/44th/wp-content/uploads/2021/10/53678718_2180112265368181_7443566799464955904_n.jpg]
[www.adfiap.org/44th/42nd-adfiap-annual-meeting/53678718_2180112265368181_7443566799464955904_n/index.html]
[www.adfiap.org/44th/wp-content/uploads/2021/10/53761038_2180170705362337_441870397235789824_n.jpg]
[www.adfiap.org/44th/42nd-adfiap-annual-meeting/53761038_2180170705362337_441870397235789824_n/index.html]
[www.adfiap.org/44th/42nd-adfiap-annual-meeting/53891078_2180172402028834_825051333387091968_n/index.html]
[www.adfiap.org/44th/wp-content/uploads/2021/10/53891078_2180172402028834_825051333387091968_n.jpg]
[www.adfiap.org/44th/wp-content/uploads/2021/10/53781161_2180204778692263_1067661528993366016_n.jpg]
[www.adfiap.org/44th/42nd-adfiap-annual-meeting/53781161_2180204778692263_1067661528993366016_n/index.html]
[www.adfiap.org/44th/42nd-adfiap-annual-meeting/53766591_2180205412025533_7474468101317197824_n/index.html]
[www.adfiap.org/44th/wp-content/uploads/2021/10/53766591_2180205412025533_7474468101317197824_n.jpg]
[www.adfiap.org/44th/wp-content/uploads/2021/10/53732567_2180169938695747_304357183779241984_n.jpg]
[www.adfiap.org/44th/42nd-adfiap-annual-meeting/53732567_2180169938695747_304357183779241984_n/index.html]
[www.adfiap.org/44th/wp-content/uploads/2021/10/53778679_2180169745362433_8659618314663755776_n.jpg]
[www.adfiap.org/44th/42nd-adfiap-annual-meeting/53778679_2180169745362433_8659618314663755776_n/index.html]
[www.adfiap.org/44th/wp-content/uploads/2021/10/53781150_2180169305362477_4752077057540751360_n.jpg]
[www.adfiap.org/44th/42nd-adfiap-annual-meeting/53781150_2180169305362477_4752077057540751360_n/index.html]
[www.adfiap.org/44th/wp-content/uploads/2021/10/53708077_2180169575362450_2445159670847897600_n.jpg]
[www.adfiap.org/44th/42nd-adfiap-annual-meeting/53708077_2180169575362450_2445159670847897600_n/index.html]
[www.adfiap.org/44th/wp-content/uploads/2021/10/53739876_2180172175362190_4050333646811299840_n.jpg]
[www.adfiap.org/44th/42nd-adfiap-annual-meeting/53739876_2180172175362190_4050333646811299840_n/index.html]
[www.adfiap.org/44th/wp-content/uploads/2021/10/53792497_2180171265362281_5340990496288276480_n.jpg]
[www.adfiap.org/44th/42nd-adfiap-annual-meeting/53792497_2180171265362281_5340990496288276480_n/index.html]
[www.adfiap.org/44th/wp-content/uploads/2021/10/53602140_2180204652025609_8356232540817719296_n.jpg]
[www.adfiap.org/44th/42nd-adfiap-annual-meeting/53602140_2180204652025609_8356232540817719296_n/index.html]
[www.adfiap.org/44th/42nd-adfiap-annual-meeting/53600205_2180205768692164_3283416168949350400_n/index.html]
[www.adfiap.org/44th/wp-content/uploads/2021/10/53600205_2180205768692164_3283416168949350400_n.jpg]
[www.adfiap.org/44th/wp-content/uploads/2021/10/53195391_2180173282028746_4716347014151929856_n.jpg]
[www.adfiap.org/44th/42nd-adfiap-annual-meeting/53195391_2180173282028746_4716347014151929856_n/index.html]
[www.adfiap.org/44th/wp-content/uploads/2021/10/53507837_2180206738692067_4528930146186428416_n.jpg]
[www.adfiap.org/44th/42nd-adfiap-annual-meeting/53507837_2180206738692067_4528930146186428416_n/index.html]
[www.adfiap.org/44th/42nd-adfiap-annual-meeting/53212902_2180181132027961_4378275385071108096_n/index.html]
[www.adfiap.org/44th/wp-content/uploads/2021/10/53212902_2180181132027961_4378275385071108096_n.jpg]
[www.adfiap.org/44th/wp-content/uploads/2021/10/53500022_2180111788701562_163690321866129408_n.jpg]
[www.adfiap.org/44th/42nd-adfiap-annual-meeting/53500022_2180111788701562_163690321866129408_n/index.html]
[www.adfiap.org/44th/wp-content/uploads/2021/10/53160342_2180172692028805_8175453686542106624_n.jpg]
[www.adfiap.org/44th/42nd-adfiap-annual-meeting/53160342_2180172692028805_8175453686542106624_n/index.html]
[www.adfiap.org/44th/42nd-adfiap-annual-meeting/53323377_2180204195358988_8630092690836422656_n/index.html]
[www.adfiap.org/44th/wp-content/uploads/2021/10/53323377_2180204195358988_8630092690836422656_n.jpg]
[www.adfiap.org/44th/wp-content/uploads/2021/10/53875451_2180184255360982_4106908141445185536_n.jpg]
[www.adfiap.org/44th/42nd-adfiap-annual-meeting/53875451_2180184255360982_4106908141445185536_n/index.html]
[www.adfiap.org/44th/wp-content/uploads/2021/10/53878715_2180181782027896_1143741054961319936_n.jpg]
[www.adfiap.org/44th/42nd-adfiap-annual-meeting/53878715_2180181782027896_1143741054961319936_n/index.html]
[www.adfiap.org/44th/wp-content/uploads/2021/10/53886114_2180191705360237_3756240730494861312_n.jpg]
[www.adfiap.org/44th/42nd-adfiap-annual-meeting/53886114_2180191705360237_3756240730494861312_n/index.html]
[www.adfiap.org/44th/42nd-adfiap-annual-meeting/53921559_2180194628693278_2057830367519309824_n/index.html]
[www.adfiap.org/44th/wp-content/uploads/2021/10/53921559_2180194628693278_2057830367519309824_n.jpg]
[www.adfiap.org/44th/wp-content/uploads/2021/10/54169418_2180190102027064_7458663656755036160_n.jpg]
[www.adfiap.org/44th/42nd-adfiap-annual-meeting/54169418_2180190102027064_7458663656755036160_n/index.html]
[www.adfiap.org/44th/wp-content/uploads/2021/10/54437131_2180195408693200_2491213844953694208_n.jpg]
[www.adfiap.org/44th/42nd-adfiap-annual-meeting/54437131_2180195408693200_2491213844953694208_n/index.html]
[www.adfiap.org/44th/wp-content/uploads/2021/10/53864615_2180194865359921_3254749654545334272_n.jpg]
[www.adfiap.org/44th/42nd-adfiap-annual-meeting/53864615_2180194865359921_3254749654545334272_n/index.html]
[www.adfiap.org/44th/wp-content/uploads/2021/10/54257047_2180194082026666_4409315865338576896_n.jpg]
[www.adfiap.org/44th/42nd-adfiap-annual-meeting/54257047_2180194082026666_4409315865338576896_n/index.html]
[www.adfiap.org/44th/42nd-adfiap-annual-meeting/53851676_2180188505360557_7192102103576215552_n/index.html]
[www.adfiap.org/44th/wp-content/uploads/2021/10/53851676_2180188505360557_7192102103576215552_n.jpg]
[www.adfiap.org/44th/42nd-adfiap-annual-meeting/53835416_2180199885359419_1360451833268535296_n/index.html]
[www.adfiap.org/44th/wp-content/uploads/2021/10/53835416_2180199885359419_1360451833268535296_n.jpg]
[www.adfiap.org/44th/42nd-adfiap-annual-meeting/53817058_2180195898693151_2070170641784373248_n/index.html]
[www.adfiap.org/44th/wp-content/uploads/2021/10/53817058_2180195898693151_2070170641784373248_n.jpg]
[www.adfiap.org/44th/42nd-adfiap-annual-meeting/53817076_2180194792026595_3072582250227826688_n/index.html]
[www.adfiap.org/44th/wp-content/uploads/2021/10/53817076_2180194792026595_3072582250227826688_n.jpg]
[www.adfiap.org/44th/42nd-adfiap-annual-meeting/53832773_2180197285359679_5981457333727789056_n/index.html]
[www.adfiap.org/44th/wp-content/uploads/2021/10/53832773_2180197285359679_5981457333727789056_n.jpg]
[www.adfiap.org/44th/wp-content/uploads/2021/10/53812006_2180187125360695_3686552493820477440_n.jpg]
[www.adfiap.org/44th/42nd-adfiap-annual-meeting/53812006_2180187125360695_3686552493820477440_n/index.html]
[www.adfiap.org/44th/wp-content/uploads/2021/10/53743427_2180189268693814_8505005328868311040_n.jpg]
[www.adfiap.org/44th/42nd-adfiap-annual-meeting/53743427_2180189268693814_8505005328868311040_n/index.html]
[www.adfiap.org/44th/42nd-adfiap-annual-meeting/53754281_2180197188693022_6414056842191699968_n/index.html]
[www.adfiap.org/44th/wp-content/uploads/2021/10/53754281_2180197188693022_6414056842191699968_n.jpg]
[www.adfiap.org/44th/42nd-adfiap-annual-meeting/54279536_2180195578693183_3936094624908574720_n/index.html]
[www.adfiap.org/44th/wp-content/uploads/2021/10/54279536_2180195578693183_3936094624908574720_n.jpg]
[www.adfiap.org/44th/42nd-adfiap-annual-meeting/53687144_2180197978692943_4827423728944021504_n/index.html]
[www.adfiap.org/44th/wp-content/uploads/2021/10/53687144_2180197978692943_4827423728944021504_n.jpg]
[www.adfiap.org/44th/42nd-adfiap-annual-meeting/54381460_2180189855360422_1861034347541299200_n/index.html]
[www.adfiap.org/44th/wp-content/uploads/2021/10/54381460_2180189855360422_1861034347541299200_n.jpg]
[www.adfiap.org/44th/42nd-adfiap-annual-meeting/53677032_2180194525359955_3978255686038454272_n/index.html]
[www.adfiap.org/44th/wp-content/uploads/2021/10/53677032_2180194525359955_3978255686038454272_n.jpg]
[www.adfiap.org/44th/wp-content/uploads/2021/10/53674828_2180196342026440_8133269479833468928_n.jpg]
[www.adfiap.org/44th/42nd-adfiap-annual-meeting/53674828_2180196342026440_8133269479833468928_n/index.html]
[www.adfiap.org/44th/42nd-adfiap-annual-meeting/53652931_2180194695359938_375176886638084096_n/index.html]
[www.adfiap.org/44th/wp-content/uploads/2021/10/53652931_2180194695359938_375176886638084096_n.jpg]
[www.adfiap.org/44th/wp-content/uploads/2021/10/53248423_2180195862026488_5052258545265803264_n.jpg]
[www.adfiap.org/44th/42nd-adfiap-annual-meeting/53248423_2180195862026488_5052258545265803264_n/index.html]
[www.adfiap.org/44th/42nd-adfiap-annual-meeting/53314618_2180190845360323_8214440603631484928_n/index.html]
[www.adfiap.org/44th/wp-content/uploads/2021/10/53314618_2180190845360323_8214440603631484928_n.jpg]
[www.adfiap.org/44th/42nd-adfiap-annual-meeting/53503866_2180198275359580_380355212742754304_n/index.html]
[www.adfiap.org/44th/wp-content/uploads/2021/10/53503866_2180198275359580_380355212742754304_n.jpg]
[www.adfiap.org/44th/wp-content/uploads/2021/10/53092854_2180189065360501_2870519006912053248_n.jpg]
[www.adfiap.org/44th/42nd-adfiap-annual-meeting/53092854_2180189065360501_2870519006912053248_n/index.html]
[www.adfiap.org/44th/indexbb97.html]
[www.adfiap.org/44th/wp-json/oembed/1.0/embed869f.html]
[www.adfiap.org/44th/wp-json/oembed/1.0/embed4f36.html]
[www.adfiap.org/44th/index4192.html]
[www.adfiap.org/44th/wp-json/oembed/1.0/embed92c8.html]
[www.adfiap.org/44th/wp-json/oembed/1.0/embedab80.html]
[www.adfiap.org/44th/indexff9b.html]
[www.adfiap.org/44th/wp-json/oembed/1.0/embed1174.html]
[www.adfiap.org/44th/wp-json/oembed/1.0/embedb91e.html]
[www.adfiap.org/44th/index31fc.html]
[www.adfiap.org/44th/wp-json/oembed/1.0/embed20d0.html]
[www.adfiap.org/44th/wp-json/oembed/1.0/embed2d59.html]
[www.adfiap.org/44th/wp-content/uploads/2020/10/banner-2-967x747.jpg]
[www.adfiap.org/44th/silver-sponsors/page/3/index.html]
[www.adfiap.org/44th/wp-content/uploads/2020/10/1-ASKI-Group-of-Companies-Inc.-1-78x56.png]
[www.adfiap.org/44th/indexf75b.html]
[www.adfiap.org/44th/wp-json/oembed/1.0/embed7c82.html]
[www.adfiap.org/44th/wp-json/oembed/1.0/embedd336.html]
[www.adfiap.org/44th/indexa2b2.html]
[www.adfiap.org/44th/wp-json/oembed/1.0/embed7768.html]
[www.adfiap.org/44th/wp-json/oembed/1.0/embed14f0.html]
[www.adfiap.org/44th/index9210.html]
[www.adfiap.org/44th/wp-json/oembed/1.0/embed8ac0.html]
[www.adfiap.org/44th/wp-json/oembed/1.0/embed9d0b.html]
[www.adfiap.org/44th/index5c68.html]
[www.adfiap.org/44th/wp-json/oembed/1.0/embed0302.html]
[www.adfiap.org/44th/wp-json/oembed/1.0/embedeeaa.html]
[www.adfiap.org/44th/index8b36.html]
[www.adfiap.org/44th/wp-json/oembed/1.0/embedb029.html]
[www.adfiap.org/44th/wp-json/oembed/1.0/embed5932.html]
[www.adfiap.org/44th/index90ed.html]
[www.adfiap.org/44th/wp-json/oembed/1.0/embed79ed.html]
[www.adfiap.org/44th/wp-json/oembed/1.0/embed1ef2.html]
[www.adfiap.org/44th/index160e.html]
[www.adfiap.org/44th/wp-json/oembed/1.0/embed1fac.html]
[www.adfiap.org/44th/wp-json/oembed/1.0/embedbbde.html]
[www.adfiap.org/44th/index99a0.html]
[www.adfiap.org/44th/wp-json/oembed/1.0/embedf745.html]
[www.adfiap.org/44th/wp-json/oembed/1.0/embed7f47.html]
[www.adfiap.org/44th/index97da.html]
[www.adfiap.org/44th/wp-json/oembed/1.0/embedbe04.html]
[www.adfiap.org/44th/wp-json/oembed/1.0/embed9722.html]
[www.adfiap.org/44th/index55c6.html]
[www.adfiap.org/44th/wp-json/oembed/1.0/embeddbf3.html]
[www.adfiap.org/44th/wp-json/oembed/1.0/embedf19f.html]
[www.adfiap.org/44th/index1731.html]
[www.adfiap.org/44th/wp-json/oembed/1.0/embedad1f.html]
[www.adfiap.org/44th/wp-json/oembed/1.0/embed290e.html]
[www.adfiap.org/44th/indexd026.html]
[www.adfiap.org/44th/wp-json/oembed/1.0/embedef8e.html]
[www.adfiap.org/44th/wp-json/oembed/1.0/embed6517.html]
[www.adfiap.org/44th/indexfa5a.html]
[www.adfiap.org/44th/wp-json/oembed/1.0/embed53f0.html]
[www.adfiap.org/44th/wp-json/oembed/1.0/embed7ae2.html]
[www.adfiap.org/44th/index1c8c.html]
[www.adfiap.org/44th/wp-json/oembed/1.0/embed7f68.html]
[www.adfiap.org/44th/wp-json/oembed/1.0/embed5a9f.html]
[www.adfiap.org/44th/index4203.html]
[www.adfiap.org/44th/wp-json/oembed/1.0/embed21d1.html]
[www.adfiap.org/44th/wp-json/oembed/1.0/embedc49a.html]
[www.adfiap.org/44th/index2c41.html]
[www.adfiap.org/44th/wp-json/oembed/1.0/embed0715.html]
[www.adfiap.org/44th/wp-json/oembed/1.0/embed9543.html]
[www.adfiap.org/44th/index8fa2.html]
[www.adfiap.org/44th/wp-json/oembed/1.0/embedb5cb.html]
[www.adfiap.org/44th/wp-json/oembed/1.0/embedb2aa.html]
[www.adfiap.org/44th/index6a23.html]
[www.adfiap.org/44th/wp-json/oembed/1.0/embed7bf5.html]
[www.adfiap.org/44th/wp-json/oembed/1.0/embedb1f5.html]
[www.adfiap.org/44th/index8fb7.html]
[www.adfiap.org/44th/wp-json/oembed/1.0/embed50e0.html]
[www.adfiap.org/44th/wp-json/oembed/1.0/embed6f6c.html]
[www.adfiap.org/44th/index7980.html]
[www.adfiap.org/44th/wp-json/oembed/1.0/embed43cf.html]
[www.adfiap.org/44th/wp-json/oembed/1.0/embed7a17.html]
[www.adfiap.org/44th/indexd7ab.html]
[www.adfiap.org/44th/wp-json/oembed/1.0/embed5118.html]
[www.adfiap.org/44th/wp-json/oembed/1.0/embedd126.html]
[www.adfiap.org/44th/indexd3a8.html]
[www.adfiap.org/44th/wp-json/oembed/1.0/embed31c3.html]
[www.adfiap.org/44th/wp-json/oembed/1.0/embeddb8f.html]
[www.adfiap.org/44th/index4de4.html]
[www.adfiap.org/44th/wp-json/oembed/1.0/embed5f2f.html]
[www.adfiap.org/44th/wp-json/oembed/1.0/embedb12b.html]
[www.adfiap.org/44th/index4e8a.html]
[www.adfiap.org/44th/wp-json/oembed/1.0/embedbac6.html]
[www.adfiap.org/44th/wp-json/oembed/1.0/embeda558.html]
[www.adfiap.org/44th/index7961.html]
[www.adfiap.org/44th/wp-json/oembed/1.0/embeda8a0.html]
[www.adfiap.org/44th/wp-json/oembed/1.0/embed97ce.html]
[www.adfiap.org/44th/index9f15.html]
[www.adfiap.org/44th/wp-json/oembed/1.0/embedb899.html]
[www.adfiap.org/44th/wp-json/oembed/1.0/embed7872.html]
[www.adfiap.org/44th/indexad86.html]
[www.adfiap.org/44th/wp-json/oembed/1.0/embed089a.html]
[www.adfiap.org/44th/wp-json/oembed/1.0/embedf81b.html]
[www.adfiap.org/44th/index57e2.html]
[www.adfiap.org/44th/wp-json/oembed/1.0/embed3c59.html]
[www.adfiap.org/44th/wp-json/oembed/1.0/embedbb59.html]
[www.adfiap.org/44th/indexa9bf.html]
[www.adfiap.org/44th/wp-json/oembed/1.0/embedfe5a.html]
[www.adfiap.org/44th/wp-json/oembed/1.0/embedc590.html]
[www.adfiap.org/44th/index052f.html]
[www.adfiap.org/44th/wp-json/oembed/1.0/embed958f.html]
[www.adfiap.org/44th/wp-json/oembed/1.0/embed4dfe.html]
[www.adfiap.org/44th/index482c.html]
[www.adfiap.org/44th/wp-json/oembed/1.0/embed4b2c.html]
[www.adfiap.org/44th/wp-json/oembed/1.0/embed5774.html]
[www.adfiap.org/44th/indexc200.html]
[www.adfiap.org/44th/wp-json/oembed/1.0/embed973a.html]
[www.adfiap.org/44th/wp-json/oembed/1.0/embed80ed.html]
[www.adfiap.org/44th/index0047.html]
[www.adfiap.org/44th/wp-json/oembed/1.0/embed8845.html]
[www.adfiap.org/44th/wp-json/oembed/1.0/embedc24e.html]
[www.adfiap.org/44th/indexaa19.html]
[www.adfiap.org/44th/wp-json/oembed/1.0/embedd3f7.html]
[www.adfiap.org/44th/wp-json/oembed/1.0/embed897e.html]
[www.adfiap.org/44th/index9252.html]
[www.adfiap.org/44th/wp-json/oembed/1.0/embed53d7.html]
[www.adfiap.org/44th/wp-json/oembed/1.0/embed5829.html]
[www.adfiap.org/44th/index3d27.html]
[www.adfiap.org/44th/wp-json/oembed/1.0/embedd001.html]
[www.adfiap.org/44th/wp-json/oembed/1.0/embed1a34.html]
[www.adfiap.org/44th/indexb50a.html]
[www.adfiap.org/44th/wp-json/oembed/1.0/embed20e4.html]
[www.adfiap.org/44th/wp-json/oembed/1.0/embed3ac9.html]
[www.adfiap.org/44th/indexbeb4.html]
[www.adfiap.org/44th/wp-json/oembed/1.0/embed7d54.html]
[www.adfiap.org/44th/wp-json/oembed/1.0/embed3125.html]
[www.adfiap.org/44th/indexddd7.html]
[www.adfiap.org/44th/wp-json/oembed/1.0/embedae38.html]
[www.adfiap.org/44th/wp-json/oembed/1.0/embedf10a.html]
[www.adfiap.org/44th/index5b90.html]
[www.adfiap.org/44th/wp-json/oembed/1.0/embed865c.html]
[www.adfiap.org/44th/wp-json/oembed/1.0/embed9f89.html]
[www.adfiap.org/44th/index07c5.html]
[www.adfiap.org/44th/wp-json/oembed/1.0/embed93b4.html]
[www.adfiap.org/44th/wp-json/oembed/1.0/embed8843.html]
[www.adfiap.org/44th/indexb6b7.html]
[www.adfiap.org/44th/wp-json/oembed/1.0/embed2488.html]
[www.adfiap.org/44th/wp-json/oembed/1.0/embeddc70.html]
[www.adfiap.org/44th/index6cf9.html]
[www.adfiap.org/44th/wp-json/oembed/1.0/embedd8c7.html]
[www.adfiap.org/44th/wp-json/oembed/1.0/embed22d6.html]
[www.adfiap.org/44th/index771f.html]
[www.adfiap.org/44th/wp-json/oembed/1.0/embedd57d.html]
[www.adfiap.org/44th/wp-json/oembed/1.0/embed7e23.html]
[www.adfiap.org/44th/index180e.html]
[www.adfiap.org/44th/wp-json/oembed/1.0/embed8260.html]
[www.adfiap.org/44th/wp-json/oembed/1.0/embed0a5d.html]
[www.adfiap.org/44th/indexf594.html]
[www.adfiap.org/44th/wp-json/oembed/1.0/embedb65e.html]
[www.adfiap.org/44th/wp-json/oembed/1.0/embed86d0.html]
[www.adfiap.org/44th/index4d18.html]
[www.adfiap.org/44th/wp-json/oembed/1.0/embed689e.html]
[www.adfiap.org/44th/wp-json/oembed/1.0/embed30ff.html]
[www.adfiap.org/44th/index2591.html]
[www.adfiap.org/44th/wp-json/oembed/1.0/embed60e3.html]
[www.adfiap.org/44th/wp-json/oembed/1.0/embed843c.html]
[www.adfiap.org/44th/indexb4c3.html]
[www.adfiap.org/44th/wp-json/oembed/1.0/embedf5df.html]
[www.adfiap.org/44th/wp-json/oembed/1.0/embedb4fc.html]
[www.adfiap.org/44th/indexca39.html]
[www.adfiap.org/44th/wp-json/oembed/1.0/embed5710.html]
[www.adfiap.org/44th/wp-json/oembed/1.0/embedde43.html]
[www.adfiap.org/44th/index2fc6.html]
[www.adfiap.org/44th/wp-json/oembed/1.0/embedd2af.html]
[www.adfiap.org/44th/wp-json/oembed/1.0/embed564b.html]
[www.adfiap.org/44th/index9654.html]
[www.adfiap.org/44th/wp-json/oembed/1.0/embed07ab.html]
[www.adfiap.org/44th/wp-json/oembed/1.0/embed53ed.html]
[www.adfiap.org/44th/indexb858.html]
[www.adfiap.org/44th/wp-json/oembed/1.0/embed5f6d.html]
[www.adfiap.org/44th/wp-json/oembed/1.0/embeddb06.html]
[www.adfiap.org/44th/indexbdb7.html]
[www.adfiap.org/44th/wp-json/oembed/1.0/embed5ac5.html]
[www.adfiap.org/44th/wp-json/oembed/1.0/embedac89.html]
[www.adfiap.org/44th/indexe5aa.html]
[www.adfiap.org/44th/wp-json/oembed/1.0/embed9c77.html]
[www.adfiap.org/44th/wp-json/oembed/1.0/embed77a9.html]
[www.adfiap.org/44th/indexcd0e.html]
[www.adfiap.org/44th/wp-json/oembed/1.0/embedde42.html]
[www.adfiap.org/44th/wp-json/oembed/1.0/embed19da.html]
[www.adfiap.org/44th/indexafc9.html]
[www.adfiap.org/44th/wp-json/oembed/1.0/embedeb9d.html]
[www.adfiap.org/44th/wp-json/oembed/1.0/embed8296.html]
[www.adfiap.org/44th/indexdce5.html]
[www.adfiap.org/44th/wp-json/oembed/1.0/embed177e.html]
[www.adfiap.org/44th/wp-json/oembed/1.0/embeddea8.html]
[www.adfiap.org/44th/index96c2.html]
[www.adfiap.org/44th/wp-json/oembed/1.0/embed6268.html]
[www.adfiap.org/44th/wp-json/oembed/1.0/embed674c.html]
[www.adfiap.org/44th/index8d43.html]
[www.adfiap.org/44th/wp-json/oembed/1.0/embed9c48.html]
[www.adfiap.org/44th/wp-json/oembed/1.0/embedbc34.html]
[www.adfiap.org/44th/index10e9.html]
[www.adfiap.org/44th/wp-json/oembed/1.0/embed3dd0.html]
[www.adfiap.org/44th/wp-json/oembed/1.0/embede549.html]
[www.adfiap.org/44th/indexfdc3.html]
[www.adfiap.org/44th/wp-json/oembed/1.0/embedd4bc.html]
[www.adfiap.org/44th/wp-json/oembed/1.0/embed8955.html]
[www.adfiap.org/44th/indexa518.html]
[www.adfiap.org/44th/wp-json/oembed/1.0/embed613f.html]
[www.adfiap.org/44th/wp-json/oembed/1.0/embed7073.html]
[www.adfiap.org/44th/index98d4.html]
[www.adfiap.org/44th/wp-json/oembed/1.0/embed6fa0.html]
[www.adfiap.org/44th/wp-json/oembed/1.0/embedee89.html]
[www.adfiap.org/44th/index05a9.html]
[www.adfiap.org/44th/wp-json/oembed/1.0/embede7d4.html]
[www.adfiap.org/44th/wp-json/oembed/1.0/embed7ddb.html]
[www.adfiap.org/44th/index01b5.html]
[www.adfiap.org/44th/wp-json/oembed/1.0/embed8faf.html]
[www.adfiap.org/44th/wp-json/oembed/1.0/embed47b2.html]
[www.adfiap.org/44th/index0370.html]
[www.adfiap.org/44th/wp-json/oembed/1.0/embede2d9.html]
[www.adfiap.org/44th/wp-json/oembed/1.0/embed617c.html]
[www.adfiap.org/44th/index3f0e.html]
[www.adfiap.org/44th/wp-json/oembed/1.0/embeda233.html]
[www.adfiap.org/44th/wp-json/oembed/1.0/embed0623.html]
[www.adfiap.org/44th/indexeeae.html]
[www.adfiap.org/44th/wp-json/oembed/1.0/embedadf3.html]
[www.adfiap.org/44th/wp-json/oembed/1.0/embedd4ba.html]
[www.adfiap.org/44th/index8bf8.html]
[www.adfiap.org/44th/wp-json/oembed/1.0/embed17e9.html]
[www.adfiap.org/44th/wp-json/oembed/1.0/embeda392.html]
[www.adfiap.org/44th/index344a.html]
[www.adfiap.org/44th/wp-json/oembed/1.0/embed2003.html]
[www.adfiap.org/44th/wp-json/oembed/1.0/embedc0c6.html]
[www.adfiap.org/44th/index85f6.html]
[www.adfiap.org/44th/wp-json/oembed/1.0/embedda2f.html]
[www.adfiap.org/44th/wp-json/oembed/1.0/embedc027.html]
[www.adfiap.org/44th/indexa81b.html]
[www.adfiap.org/44th/wp-json/oembed/1.0/embedc874.html]
[www.adfiap.org/44th/wp-json/oembed/1.0/embed76e1.html]
[www.adfiap.org/44th/indexd17a.html]
[www.adfiap.org/44th/wp-json/oembed/1.0/embed91ac.html]
[www.adfiap.org/44th/wp-json/oembed/1.0/embed87ed.html]
[www.adfiap.org/44th/index03b7.html]
[www.adfiap.org/44th/wp-json/oembed/1.0/embed9fae.html]
[www.adfiap.org/44th/wp-json/oembed/1.0/embedbf9b.html]
[www.adfiap.org/44th/indexc517.html]
[www.adfiap.org/44th/wp-json/oembed/1.0/embedf84f.html]
[www.adfiap.org/44th/wp-json/oembed/1.0/embed9901.html]
[www.adfiap.org/44th/index276a.html]
[www.adfiap.org/44th/wp-json/oembed/1.0/embed4ff9.html]
[www.adfiap.org/44th/wp-json/oembed/1.0/embedf7de.html]
[www.adfiap.org/44th/indexbcd0.html]
[www.adfiap.org/44th/wp-json/oembed/1.0/embedeacd.html]
[www.adfiap.org/44th/wp-json/oembed/1.0/embedec57.html]
[www.adfiap.org/44th/index95be.html]
[www.adfiap.org/44th/wp-json/oembed/1.0/embed1eac.html]
[www.adfiap.org/44th/wp-json/oembed/1.0/embed6c30.html]
[www.adfiap.org/44th/index988d.html]
[www.adfiap.org/44th/wp-json/oembed/1.0/embedee2e.html]
[www.adfiap.org/44th/wp-json/oembed/1.0/embed3e50.html]
[www.adfiap.org/44th/index6015.html]
[www.adfiap.org/44th/wp-json/oembed/1.0/embed9bf8.html]
[www.adfiap.org/44th/wp-json/oembed/1.0/embed8c28.html]
[www.adfiap.org/44th/index6fa8.html]
[www.adfiap.org/44th/wp-json/oembed/1.0/embed0b8d.html]
[www.adfiap.org/44th/wp-json/oembed/1.0/embed4cb3.html]
[www.adfiap.org/44th/index1800.html]
[www.adfiap.org/44th/wp-json/oembed/1.0/embed4b72.html]
[www.adfiap.org/44th/wp-json/oembed/1.0/embed33a6.html]
[www.adfiap.org/44th/index2501.html]
[www.adfiap.org/44th/wp-json/oembed/1.0/embedeb35.html]
[www.adfiap.org/44th/wp-json/oembed/1.0/embed6743.html]
[www.adfiap.org/44th/index9f9d.html]
[www.adfiap.org/44th/wp-json/oembed/1.0/embedef65.html]
[www.adfiap.org/44th/wp-json/oembed/1.0/embed4cfc.html]
[www.adfiap.org/44th/indexff64.html]
[www.adfiap.org/44th/wp-json/oembed/1.0/embed518e.html]
[www.adfiap.org/44th/wp-json/oembed/1.0/embedc684.html]
[www.adfiap.org/44th/index708c.html]
[www.adfiap.org/44th/wp-json/oembed/1.0/embede3aa.html]
[www.adfiap.org/44th/wp-json/oembed/1.0/embed32e7.html]
[www.adfiap.org/44th/index01a6.html]
[www.adfiap.org/44th/wp-json/oembed/1.0/embedc6af.html]
[www.adfiap.org/44th/wp-json/oembed/1.0/embed8e5f.html]
[www.adfiap.org/44th/indexa8b6.html]
[www.adfiap.org/44th/wp-json/oembed/1.0/embed0f6f.html]
[www.adfiap.org/44th/wp-json/oembed/1.0/embedea3e.html]
[www.adfiap.org/44th/index1991.html]
[www.adfiap.org/44th/wp-json/oembed/1.0/embed3e81.html]
[www.adfiap.org/44th/wp-json/oembed/1.0/embed36a8.html]
[www.adfiap.org/44th/index1c75.html]
[www.adfiap.org/44th/wp-json/oembed/1.0/embedc16e.html]
[www.adfiap.org/44th/wp-json/oembed/1.0/embeda740.html]
[www.adfiap.org/44th/index2603.html]
[www.adfiap.org/44th/wp-json/oembed/1.0/embed0cc2.html]
[www.adfiap.org/44th/wp-json/oembed/1.0/embed4068.html]
[www.adfiap.org/44th/index44af.html]
[www.adfiap.org/44th/wp-json/oembed/1.0/embede62f.html]
[www.adfiap.org/44th/wp-json/oembed/1.0/embed9d7f.html]
[www.adfiap.org/44th/indexdfba.html]
[www.adfiap.org/44th/wp-json/oembed/1.0/embed617d.html]
[www.adfiap.org/44th/wp-json/oembed/1.0/embedc90e.html]
